<?xml version="1.0" encoding="UTF-8"?>
<testng-results skipped="0" failed="0" ignored="0" total="1" passed="1">
  <reporter-output>
  </reporter-output>
  <suite name="Default suite" duration-ms="27" started-at="2019-02-28T07:54:59Z" finished-at="2019-02-28T07:54:59Z">
    <groups>
    </groups>
    <test name="Default test" duration-ms="27" started-at="2019-02-28T07:54:59Z" finished-at="2019-02-28T07:54:59Z">
      <class name="testingJenkins.testingJenkins">
        <test-method status="PASS" signature="LoginTest()[pri:0, instance:testingJenkins.testingJenkins@6767c1fc]" name="LoginTest" duration-ms="7" started-at="2019-02-28T07:54:59Z" finished-at="2019-02-28T07:54:59Z">
          <reporter-output>
          </reporter-output>
        </test-method> <!-- LoginTest -->
      </class> <!-- testingJenkins.testingJenkins -->
    </test> <!-- Default test -->
  </suite> <!-- Default suite -->
</testng-results>
